<?xml version="1.0" encoding="UTF-8"?>
<testng-results skipped="0" failed="0" total="1" passed="1">
  <reporter-output>
  </reporter-output>
  <suite name="Default suite" duration-ms="32" started-at="2014-11-21T09:52:55Z" finished-at="2014-11-21T09:52:55Z">
    <groups>
    </groups>
    <test name="Default test" duration-ms="32" started-at="2014-11-21T09:52:55Z" finished-at="2014-11-21T09:52:55Z">
      <class name="de.otto.roborace.network.client.WebserverConnectorTest">
        <test-method status="PASS" signature="setUp()[pri:0, instance:de.otto.roborace.network.client.WebserverConnectorTest@463b3402]" name="setUp" is-config="true" duration-ms="5" started-at="2014-11-21T10:52:55Z" finished-at="2014-11-21T10:52:55Z">
          <reporter-output>
          </reporter-output>
        </test-method> <!-- setUp -->
        <test-method status="PASS" signature="createConnectionToServer()[pri:0, instance:de.otto.roborace.network.client.WebserverConnectorTest@463b3402]" name="createConnectionToServer" duration-ms="17" started-at="2014-11-21T10:52:55Z" finished-at="2014-11-21T10:52:55Z">
          <reporter-output>
          </reporter-output>
        </test-method> <!-- createConnectionToServer -->
      </class> <!-- de.otto.roborace.network.client.WebserverConnectorTest -->
    </test> <!-- Default test -->
  </suite> <!-- Default suite -->
</testng-results>
